app/build/intermediates/manifest_merge_blame_file/proguard/manifest-merger-blame-proguard-report.txt
1<?xml version="1.0" encoding="utf-8"?>
2<manifest xmlns:android="http://schemas.android.com/apk/res/android"
3    package="com.google.mlkit.vision.demo"
4    android:installLocation="auto"
5    android:versionCode="11"
6    android:versionName="1.11" >
7    <!--
8 CameraX libraries require minSdkVersion 21, while this quickstart app
9    supports low to 16. Needs to use overrideLibrary to make the merger tool
10    ignore this conflict and import the libraries while keeping the app's lower
11    minSdkVersion value. In code, will check SDK version, before calling CameraX
12    APIs.
13    -->
14    <uses-sdk
14-->src\main\AndroidManifest.xml:13:5-16:63
15        android:minSdkVersion="16"
15-->src\main\AndroidManifest.xml:13:5-16:63
16        android:targetSdkVersion="29" />
16-->src\main\AndroidManifest.xml:13:5-16:63
17
18    <uses-feature android:name="android.hardware.camera" />
18-->src\main\AndroidManifest.xml:18:5-59
18-->src\main\AndroidManifest.xml:18:19-57
19
20    <uses-permission android:name="android.permission.INTERNET" />
20-->src\main\AndroidManifest.xml:20:5-66
20-->src\main\AndroidManifest.xml:20:22-64
21    <uses-permission android:name="android.permission.WRITE_EXTERNAL_STORAGE" />
21-->src\main\AndroidManifest.xml:21:5-80
21-->src\main\AndroidManifest.xml:21:22-78
22    <uses-permission android:name="android.permission.READ_EXTERNAL_STORAGE" />
22-->src\main\AndroidManifest.xml:22:5-79
22-->src\main\AndroidManifest.xml:22:22-77
23    <uses-permission android:name="android.permission.CAMERA" />
23-->src\main\AndroidManifest.xml:23:5-64
23-->src\main\AndroidManifest.xml:23:22-62
24
25    <application
25-->src\main\AndroidManifest.xml:25:5-101:19
26        android:name="androidx.multidex.MultiDexApplication"
26-->src\main\AndroidManifest.xml:26:9-61
27        android:appComponentFactory="androidx.core.app.CoreComponentFactory"
27-->[androidx.core:core:1.3.0] AndroidManifest.xml:24:18-86
28        android:icon="@drawable/logo_mlkit"
28-->src\main\AndroidManifest.xml:27:9-44
29        android:label="@string/app_name"
29-->src\main\AndroidManifest.xml:28:9-41
30        android:theme="@style/Theme.AppCompat" >
30-->src\main\AndroidManifest.xml:29:9-47
31        <meta-data
31-->src\main\AndroidManifest.xml:31:9-33:68
32            android:name="com.google.android.gms.version"
32-->src\main\AndroidManifest.xml:32:13-58
33            android:value="@integer/google_play_services_version" />
33-->src\main\AndroidManifest.xml:33:13-66
34
35        <!--
36          Optional: Add it to automatically download ML model to device after
37          your app is installed.
38        -->
39        <meta-data
39-->src\main\AndroidManifest.xml:37:9-39:51
40            android:name="com.google.mlkit.vision.DEPENDENCIES"
40-->src\main\AndroidManifest.xml:38:13-64
41            android:value="barcode,face,ocr,ica" />
41-->src\main\AndroidManifest.xml:39:13-49
42
43        <activity
43-->src\main\AndroidManifest.xml:41:9-49:20
44            android:name="com.google.mlkit.vision.demo.EntryChoiceActivity"
44-->src\main\AndroidManifest.xml:42:13-48
45            android:exported="true"
45-->src\main\AndroidManifest.xml:43:13-36
46            android:theme="@style/AppTheme" >
46-->src\main\AndroidManifest.xml:44:13-44
47            <intent-filter>
47-->src\main\AndroidManifest.xml:45:13-48:29
48                <action android:name="android.intent.action.MAIN" />
48-->src\main\AndroidManifest.xml:46:17-68
48-->src\main\AndroidManifest.xml:46:25-66
49
50                <category android:name="android.intent.category.LAUNCHER" />
50-->src\main\AndroidManifest.xml:47:17-76
50-->src\main\AndroidManifest.xml:47:27-74
51            </intent-filter>
52        </activity>
53        <activity
53-->src\main\AndroidManifest.xml:51:9-54:20
54            android:name="com.google.mlkit.vision.demo.java.ChooserActivity"
54-->src\main\AndroidManifest.xml:52:13-49
55            android:exported="true" >
55-->src\main\AndroidManifest.xml:53:13-36
56        </activity>
57        <activity
57-->src\main\AndroidManifest.xml:56:9-60:20
58            android:name="com.google.mlkit.vision.demo.java.LivePreviewActivity"
58-->src\main\AndroidManifest.xml:57:13-53
59            android:exported="true"
59-->src\main\AndroidManifest.xml:58:13-36
60            android:theme="@style/AppTheme" >
60-->src\main\AndroidManifest.xml:59:13-44
61        </activity>
62        <activity
62-->src\main\AndroidManifest.xml:62:9-66:20
63            android:name="com.google.mlkit.vision.demo.java.CameraXLivePreviewActivity"
63-->src\main\AndroidManifest.xml:63:13-60
64            android:exported="true"
64-->src\main\AndroidManifest.xml:64:13-36
65            android:theme="@style/AppTheme" >
65-->src\main\AndroidManifest.xml:65:13-44
66        </activity>
67        <activity
67-->src\main\AndroidManifest.xml:68:9-72:20
68            android:name="com.google.mlkit.vision.demo.java.StillImageActivity"
68-->src\main\AndroidManifest.xml:69:13-52
69            android:exported="true"
69-->src\main\AndroidManifest.xml:70:13-36
70            android:theme="@style/AppTheme" >
70-->src\main\AndroidManifest.xml:71:13-44
71        </activity>
72        <activity
72-->src\main\AndroidManifest.xml:74:9-77:20
73            android:name="com.google.mlkit.vision.demo.kotlin.ChooserActivity"
73-->src\main\AndroidManifest.xml:75:13-51
74            android:exported="true" >
74-->src\main\AndroidManifest.xml:76:13-36
75        </activity>
76        <activity
76-->src\main\AndroidManifest.xml:79:9-83:20
77            android:name="com.google.mlkit.vision.demo.kotlin.LivePreviewActivity"
77-->src\main\AndroidManifest.xml:80:13-55
78            android:exported="true"
78-->src\main\AndroidManifest.xml:81:13-36
79            android:theme="@style/AppTheme" >
79-->src\main\AndroidManifest.xml:82:13-44
80        </activity>
81        <activity
81-->src\main\AndroidManifest.xml:85:9-89:20
82            android:name="com.google.mlkit.vision.demo.kotlin.CameraXLivePreviewActivity"
82-->src\main\AndroidManifest.xml:86:13-62
83            android:exported="true"
83-->src\main\AndroidManifest.xml:87:13-36
84            android:theme="@style/AppTheme" >
84-->src\main\AndroidManifest.xml:88:13-44
85        </activity>
86        <activity
86-->src\main\AndroidManifest.xml:91:9-95:20
87            android:name="com.google.mlkit.vision.demo.kotlin.StillImageActivity"
87-->src\main\AndroidManifest.xml:92:13-54
88            android:exported="true"
88-->src\main\AndroidManifest.xml:93:13-36
89            android:theme="@style/AppTheme" >
89-->src\main\AndroidManifest.xml:94:13-44
90        </activity>
91        <activity
91-->src\main\AndroidManifest.xml:97:9-99:39
92            android:name="com.google.mlkit.vision.demo.preference.SettingsActivity"
92-->src\main\AndroidManifest.xml:98:13-56
93            android:exported="false" />
93-->src\main\AndroidManifest.xml:99:13-37
94
95        <service
95-->[com.google.mlkit:object-detection:16.2.1] AndroidManifest.xml:8:9-14:19
96            android:name="com.google.mlkit.common.internal.MlKitComponentDiscoveryService"
96-->[com.google.mlkit:object-detection:16.2.1] AndroidManifest.xml:9:13-91
97            android:directBootAware="true"
97-->[com.google.mlkit:common:17.0.0] AndroidManifest.xml:17:13-43
98            android:exported="false" >
98-->[com.google.mlkit:object-detection:16.2.1] AndroidManifest.xml:10:13-37
99            <meta-data
99-->[com.google.mlkit:object-detection:16.2.1] AndroidManifest.xml:11:13-13:85
100                android:name="com.google.firebase.components:com.google.mlkit.vision.objects.defaults.internal.DefaultObjectsRegistrar"
100-->[com.google.mlkit:object-detection:16.2.1] AndroidManifest.xml:12:17-136
101                android:value="com.google.firebase.components.ComponentRegistrar" />
101-->[com.google.mlkit:object-detection:16.2.1] AndroidManifest.xml:13:17-82
102            <meta-data
102-->[com.google.mlkit:object-detection-custom:16.2.1] AndroidManifest.xml:11:13-13:85
103                android:name="com.google.firebase.components:com.google.mlkit.vision.objects.custom.internal.CustomObjectsRegistrar"
103-->[com.google.mlkit:object-detection-custom:16.2.1] AndroidManifest.xml:12:17-133
104                android:value="com.google.firebase.components.ComponentRegistrar" />
104-->[com.google.mlkit:object-detection-custom:16.2.1] AndroidManifest.xml:13:17-82
105            <meta-data
105-->[com.google.android.gms:play-services-mlkit-text-recognition:16.1.1] AndroidManifest.xml:12:13-14:85
106                android:name="com.google.firebase.components:com.google.mlkit.vision.text.internal.TextRegistrar"
106-->[com.google.android.gms:play-services-mlkit-text-recognition:16.1.1] AndroidManifest.xml:13:17-114
107                android:value="com.google.firebase.components.ComponentRegistrar" />
107-->[com.google.android.gms:play-services-mlkit-text-recognition:16.1.1] AndroidManifest.xml:14:17-82
108            <meta-data
108-->[com.google.mlkit:image-labeling-automl:16.2.1] AndroidManifest.xml:11:13-13:85
109                android:name="com.google.firebase.components:com.google.mlkit.vision.label.automl.internal.AutoMLLabelRegistrar"
109-->[com.google.mlkit:image-labeling-automl:16.2.1] AndroidManifest.xml:12:17-129
110                android:value="com.google.firebase.components.ComponentRegistrar" />
110-->[com.google.mlkit:image-labeling-automl:16.2.1] AndroidManifest.xml:13:17-82
111            <meta-data
111-->[com.google.mlkit:image-labeling:17.0.0] AndroidManifest.xml:11:13-13:85
112                android:name="com.google.firebase.components:com.google.mlkit.vision.label.defaults.internal.BundledLabelRegistrar"
112-->[com.google.mlkit:image-labeling:17.0.0] AndroidManifest.xml:12:17-132
113                android:value="com.google.firebase.components.ComponentRegistrar" />
113-->[com.google.mlkit:image-labeling:17.0.0] AndroidManifest.xml:13:17-82
114            <meta-data
114-->[com.google.mlkit:image-labeling-custom:16.2.1] AndroidManifest.xml:11:13-13:85
115                android:name="com.google.firebase.components:com.google.mlkit.vision.label.custom.internal.CustomLabelRegistrar"
115-->[com.google.mlkit:image-labeling-custom:16.2.1] AndroidManifest.xml:12:17-129
116                android:value="com.google.firebase.components.ComponentRegistrar" />
116-->[com.google.mlkit:image-labeling-custom:16.2.1] AndroidManifest.xml:13:17-82
117            <meta-data
117-->[com.google.android.gms:play-services-mlkit-barcode-scanning:16.1.2] AndroidManifest.xml:12:13-14:85
118                android:name="com.google.firebase.components:com.google.mlkit.vision.barcode.internal.BarcodeRegistrar"
118-->[com.google.android.gms:play-services-mlkit-barcode-scanning:16.1.2] AndroidManifest.xml:13:17-120
119                android:value="com.google.firebase.components.ComponentRegistrar" />
119-->[com.google.android.gms:play-services-mlkit-barcode-scanning:16.1.2] AndroidManifest.xml:14:17-82
120            <meta-data
120-->[com.google.android.gms:play-services-mlkit-face-detection:16.1.1] AndroidManifest.xml:12:13-14:85
121                android:name="com.google.firebase.components:com.google.mlkit.vision.face.internal.FaceRegistrar"
121-->[com.google.android.gms:play-services-mlkit-face-detection:16.1.1] AndroidManifest.xml:13:17-114
122                android:value="com.google.firebase.components.ComponentRegistrar" />
122-->[com.google.android.gms:play-services-mlkit-face-detection:16.1.1] AndroidManifest.xml:14:17-82
123            <meta-data
123-->[com.google.mlkit:vision-internal-vkp:17.0.1] AndroidManifest.xml:11:13-13:85
124                android:name="com.google.firebase.components:com.google.mlkit.vision.vkp.VkpRegistrar"
124-->[com.google.mlkit:vision-internal-vkp:17.0.1] AndroidManifest.xml:12:17-103
125                android:value="com.google.firebase.components.ComponentRegistrar" />
125-->[com.google.mlkit:vision-internal-vkp:17.0.1] AndroidManifest.xml:13:17-82
126            <meta-data
126-->[com.google.mlkit:pose-detection-common:17.0.0] AndroidManifest.xml:11:13-13:85
127                android:name="com.google.firebase.components:com.google.mlkit.vision.pose.internal.PoseRegistrar"
127-->[com.google.mlkit:pose-detection-common:17.0.0] AndroidManifest.xml:12:17-114
128                android:value="com.google.firebase.components.ComponentRegistrar" />
128-->[com.google.mlkit:pose-detection-common:17.0.0] AndroidManifest.xml:13:17-82
129            <meta-data
129-->[com.google.mlkit:vision-common:16.1.0] AndroidManifest.xml:12:13-14:85
130                android:name="com.google.firebase.components:com.google.mlkit.vision.common.internal.VisionCommonRegistrar"
130-->[com.google.mlkit:vision-common:16.1.0] AndroidManifest.xml:13:17-124
131                android:value="com.google.firebase.components.ComponentRegistrar" />
131-->[com.google.mlkit:vision-common:16.1.0] AndroidManifest.xml:14:17-82
132            <meta-data
132-->[com.google.mlkit:common:17.0.0] AndroidManifest.xml:20:13-22:85
133                android:name="com.google.firebase.components:com.google.mlkit.common.internal.CommonComponentRegistrar"
133-->[com.google.mlkit:common:17.0.0] AndroidManifest.xml:21:17-120
134                android:value="com.google.firebase.components.ComponentRegistrar" />
134-->[com.google.mlkit:common:17.0.0] AndroidManifest.xml:22:17-82
135        </service>
136
137        <provider
137-->[com.google.mlkit:common:17.0.0] AndroidManifest.xml:9:9-13:38
138            android:name="com.google.mlkit.common.internal.MlKitInitProvider"
138-->[com.google.mlkit:common:17.0.0] AndroidManifest.xml:10:13-78
139            android:authorities="com.google.mlkit.vision.demo.mlkitinitprovider"
139-->[com.google.mlkit:common:17.0.0] AndroidManifest.xml:11:13-69
140            android:exported="false"
140-->[com.google.mlkit:common:17.0.0] AndroidManifest.xml:12:13-37
141            android:initOrder="99" />
141-->[com.google.mlkit:common:17.0.0] AndroidManifest.xml:13:13-35
142
143        <activity
143-->[com.google.android.gms:play-services-base:17.0.0] AndroidManifest.xml:23:9-26:75
144            android:name="com.google.android.gms.common.api.GoogleApiActivity"
144-->[com.google.android.gms:play-services-base:17.0.0] AndroidManifest.xml:24:13-79
145            android:exported="false"
145-->[com.google.android.gms:play-services-base:17.0.0] AndroidManifest.xml:25:13-37
146            android:theme="@android:style/Theme.Translucent.NoTitleBar" />
146-->[com.google.android.gms:play-services-base:17.0.0] AndroidManifest.xml:26:13-72
147
148        <provider
148-->[androidx.lifecycle:lifecycle-process:2.1.0] AndroidManifest.xml:23:9-27:43
149            android:name="androidx.lifecycle.ProcessLifecycleOwnerInitializer"
149-->[androidx.lifecycle:lifecycle-process:2.1.0] AndroidManifest.xml:24:13-79
150            android:authorities="com.google.mlkit.vision.demo.lifecycle-process"
150-->[androidx.lifecycle:lifecycle-process:2.1.0] AndroidManifest.xml:25:13-69
151            android:exported="false"
151-->[androidx.lifecycle:lifecycle-process:2.1.0] AndroidManifest.xml:26:13-37
152            android:multiprocess="true" />
152-->[androidx.lifecycle:lifecycle-process:2.1.0] AndroidManifest.xml:27:13-40
153    </application>
154
155</manifest>